#-----------------------------------------------------------
# Vivado v2017.4 (64-bit)
# SW Build 2086221 on Fri Dec 15 20:54:30 MST 2017
# IP Build 2085800 on Fri Dec 15 22:25:07 MST 2017
# Start of session at: Thu Sep 10 16:45:03 2020
# Process ID: 12097
# Current directory: /home/james/projects/leakage_cancellation
# Command line: vivado
# Log file: /home/james/projects/leakage_cancellation/vivado.log
# Journal file: /home/james/projects/leakage_cancellation/vivado.jou
#-----------------------------------------------------------
start_gui
open_project /home/james/rfnoc_20190128_backup_0225_fast_2/src/uhd-fpga/usrp3/top/e300/build-E310_RFNOC_sg3/project_1/project_1.xpr
Scanning sources...
Finished scanning sources
INFO: [IP_Flow 19-234] Refreshing IP repositories
INFO: [IP_Flow 19-1704] No user IP repositories specified
INFO: [IP_Flow 19-2313] Loaded Vivado IP repository '/opt/Xilinx/Vivado/2017.4/data/ip'.
open_project: Time (s): cpu = 00:00:21 ; elapsed = 00:00:13 . Memory (MB): peak = 6240.859 ; gain = 185.359 ; free physical = 55258 ; free virtual = 134220
exit
INFO: [Common 17-206] Exiting Vivado at Thu Sep 10 22:23:19 2020...
